<?xml version="1.0" encoding="UTF-8"?>
<testng-results ignored="10" total="11" passed="0" failed="1" skipped="0">
  <reporter-output>
  </reporter-output>
  <suite started-at="2021-03-01T10:05:03 IST" name="Default suite" finished-at="2021-03-01T10:06:13 IST" duration-ms="69929">
    <groups>
      <group name="Regression">
        <method signature="BanksTest.verifyClickOnBanksInMasters()[pri:0, instance:com.bhiman.test.masters.BanksTest@1603cd68]" name="verifyClickOnBanksInMasters" class="com.bhiman.test.masters.BanksTest"/>
      </group> <!-- Regression -->
    </groups>
    <test started-at="2021-03-01T10:05:03 IST" name="Default test" finished-at="2021-03-01T10:06:13 IST" duration-ms="69929">
      <class name="com.bhiman.test.masters.BanksTest">
        <test-method is-config="true" signature="setUp()[pri:0, instance:com.bhiman.test.masters.BanksTest@1603cd68]" started-at="2021-03-01T10:05:03 IST" name="setUp" finished-at="2021-03-01T10:05:59 IST" duration-ms="56218" status="PASS">
          <reporter-output>
          </reporter-output>
        </test-method> <!-- setUp -->
        <test-method signature="verifyClickOnBanksInMasters()[pri:0, instance:com.bhiman.test.masters.BanksTest@1603cd68]" started-at="2021-03-01T10:06:00 IST" name="verifyClickOnBanksInMasters" description="To verify and validate after click on &#039;Banks&#039; option in &#039;Masters&#039;" finished-at="2021-03-01T10:06:10 IST" duration-ms="9811" status="FAIL">
          <exception class="java.lang.AssertionError">
            <message>
              <![CDATA[expected [http://103.50.162.196/testng/bank.php] but found [http://103.50.162.196/testing/bank.php]]]>
            </message>
            <full-stacktrace>
              <![CDATA[java.lang.AssertionError: expected [http://103.50.162.196/testng/bank.php] but found [http://103.50.162.196/testing/bank.php]
at org.testng.Assert.fail(Assert.java:99)
at org.testng.Assert.failNotEquals(Assert.java:1037)
at org.testng.Assert.assertEqualsImpl(Assert.java:140)
at org.testng.Assert.assertEquals(Assert.java:122)
at org.testng.Assert.assertEquals(Assert.java:629)
at org.testng.Assert.assertEquals(Assert.java:639)
at com.bhiman.test.masters.BanksTest.verifyClickOnBanksInMasters(BanksTest.java:40)
at java.base/jdk.internal.reflect.NativeMethodAccessorImpl.invoke0(Native Method)
at java.base/jdk.internal.reflect.NativeMethodAccessorImpl.invoke(NativeMethodAccessorImpl.java:62)
at java.base/jdk.internal.reflect.DelegatingMethodAccessorImpl.invoke(DelegatingMethodAccessorImpl.java:43)
at java.base/java.lang.reflect.Method.invoke(Method.java:566)
at org.testng.internal.MethodInvocationHelper.invokeMethod(MethodInvocationHelper.java:132)
at org.testng.internal.TestInvoker.invokeMethod(TestInvoker.java:599)
at org.testng.internal.TestInvoker.invokeTestMethod(TestInvoker.java:174)
at org.testng.internal.MethodRunner.runInSequence(MethodRunner.java:46)
at org.testng.internal.TestInvoker$MethodInvocationAgent.invoke(TestInvoker.java:822)
at org.testng.internal.TestInvoker.invokeTestMethods(TestInvoker.java:147)
at org.testng.internal.TestMethodWorker.invokeTestMethods(TestMethodWorker.java:146)
at org.testng.internal.TestMethodWorker.run(TestMethodWorker.java:128)
at java.base/java.util.ArrayList.forEach(ArrayList.java:1541)
at org.testng.TestRunner.privateRun(TestRunner.java:764)
at org.testng.TestRunner.run(TestRunner.java:585)
at org.testng.SuiteRunner.runTest(SuiteRunner.java:384)
at org.testng.SuiteRunner.runSequentially(SuiteRunner.java:378)
at org.testng.SuiteRunner.privateRun(SuiteRunner.java:337)
at org.testng.SuiteRunner.run(SuiteRunner.java:286)
at org.testng.SuiteRunnerWorker.runSuite(SuiteRunnerWorker.java:53)
at org.testng.SuiteRunnerWorker.run(SuiteRunnerWorker.java:96)
at org.testng.TestNG.runSuitesSequentially(TestNG.java:1218)
at org.testng.TestNG.runSuitesLocally(TestNG.java:1140)
at org.testng.TestNG.runSuites(TestNG.java:1069)
at org.testng.TestNG.run(TestNG.java:1037)
at org.testng.remote.AbstractRemoteTestNG.run(AbstractRemoteTestNG.java:115)
at org.testng.remote.RemoteTestNG.initAndRun(RemoteTestNG.java:251)
at org.testng.remote.RemoteTestNG.main(RemoteTestNG.java:77)
]]>
            </full-stacktrace>
          </exception> <!-- java.lang.AssertionError -->
          <reporter-output>
          </reporter-output>
        </test-method> <!-- verifyClickOnBanksInMasters -->
        <test-method is-config="true" signature="tearDown()[pri:0, instance:com.bhiman.test.masters.BanksTest@1603cd68]" started-at="2021-03-01T10:06:10 IST" name="tearDown" finished-at="2021-03-01T10:06:13 IST" duration-ms="2275" status="PASS">
          <reporter-output>
          </reporter-output>
        </test-method> <!-- tearDown -->
      </class> <!-- com.bhiman.test.masters.BanksTest -->
    </test> <!-- Default test -->
  </suite> <!-- Default suite -->
</testng-results>
